<?xml version="1.0" encoding="UTF-8"?>
<!-- Generated by org.testng.reporters.JUnitReportReporter -->
<testsuite skipped="0" hostname="Abhisheks-MBP.fritz.box" name="com.tech11autoui.TestCases.Testgooglesearch" tests="1" failures="0" timestamp="10 Apr 2020 17:05:29 GMT" time="11.709" errors="0">
  <testcase name="TC01_Searchgoogle" time="11.709" classname="com.tech11autoui.TestCases.Testgooglesearch"/>
</testsuite> <!-- com.tech11autoui.TestCases.Testgooglesearch -->
