<?xml version="1.0" encoding="UTF-8"?>
<!-- Generated by org.testng.reporters.JUnitReportReporter -->
<testsuite skipped="0" hostname="Abhisheks-MBP.fritz.box" name="com.tech11autoui.TestCases.TC_googlesearch_01" tests="1" failures="0" timestamp="10 Apr 2020 16:13:58 GMT" time="12.842" errors="0">
  <testcase name="Searchgoogle" time="12.842" classname="com.tech11autoui.TestCases.TC_googlesearch_01"/>
</testsuite> <!-- com.tech11autoui.TestCases.TC_googlesearch_01 -->
