<?xml version="1.0" encoding="UTF-8"?>
<!-- Generated by org.testng.reporters.JUnitReportReporter -->
<testsuite skipped="0" hostname="Abhisheks-MBP.fritz.box" name="com.tech11autoui.TestCases.Testgooglesearch" tests="1" failures="0" timestamp="11 Apr 2020 10:25:27 GMT" time="2.741" errors="0">
  <testcase name="TC01_Searchgoogle" time="2.741" classname="com.tech11autoui.TestCases.Testgooglesearch"/>
</testsuite> <!-- com.tech11autoui.TestCases.Testgooglesearch -->
